\BOOKMARK [0][]{chapter*.3}{List\040of\040Figures}{}% 1
\BOOKMARK [0][]{chapter.1}{Datacenter\040networks}{}% 2
\BOOKMARK [1][]{section.1.1}{Interconnection\040network\040design}{chapter.1}% 3
\BOOKMARK [1][]{section.1.2}{Traffic\040engineering}{chapter.1}% 4
\BOOKMARK [2][]{subsection.1.2.1}{Traffic\040control\040objective:\040FCT}{section.1.2}% 5
\BOOKMARK [2][]{subsection.1.2.2}{Traffic\040properties}{section.1.2}% 6
\BOOKMARK [2][]{subsection.1.2.3}{Challenges\040in\040traffic\040control}{section.1.2}% 7
\BOOKMARK [2][]{subsection.1.2.4}{Datacenter\040TCP\(DCTCP\)}{section.1.2}% 8
\BOOKMARK [0][]{chapter.2}{Reducing\040FCT\040with\040flow\040prioritization}{}% 9
\BOOKMARK [1][]{section.2.1}{Theoretical\040scheduling\040background}{chapter.2}% 10
\BOOKMARK [2][]{subsection.2.1.1}{Flow-aware\040disciplines}{section.2.1}% 11
\BOOKMARK [2][]{subsection.2.1.2}{Flow-agnostic\040disciplines}{section.2.1}% 12
\BOOKMARK [1][]{section.2.2}{State-of-the-art\040solutions\040in\040practical\040networks}{chapter.2}% 13
\BOOKMARK [2][]{subsection.2.2.1}{pFabric:\040targeting\040ideal\040schedulers}{section.2.2}% 14
\BOOKMARK [2][]{subsection.2.2.2}{PIAS:\040the\040reference\040model}{section.2.2}% 15
\BOOKMARK [1][]{section.2.3}{The\040problem\040of\040demotion\040thresholds}{chapter.2}% 16
\BOOKMARK [2][]{subsection.2.3.1}{Stochastic\040queueing\040model}{section.2.3}% 17
\BOOKMARK [2][]{subsection.2.3.2}{Greedy\040threshold\040assignment}{section.2.3}% 18
\BOOKMARK [1][]{section.2.4}{A\040priority\040scheme\040with\040spatial-diversity}{chapter.2}% 19
\BOOKMARK [2][]{subsection.2.4.1}{MLFQ\040with\040Spatial-Diversity}{section.2.4}% 20
\BOOKMARK [2][]{subsection.2.4.2}{A\040queueing\040model\040extension\040for\040spatial-diversity}{section.2.4}% 21
\BOOKMARK [0][]{chapter.3}{Analysis\040of\040spatial-diversity\040with\040a\040numerical\040simulator}{}% 22
\BOOKMARK [1][]{section.3.1}{Spatial-diversity\040framework}{chapter.3}% 23
\BOOKMARK [2][]{subsection.3.1.1}{Problem\040abstraction}{section.3.1}% 24
\BOOKMARK [2][]{subsection.3.1.2}{Workloads}{section.3.1}% 25
\BOOKMARK [2][]{subsection.3.1.3}{Optimal\040traffic\040load\040balancing}{section.3.1}% 26
\BOOKMARK [2][]{subsection.3.1.4}{Finding\040sub-thresholds}{section.3.1}% 27
\BOOKMARK [1][]{section.3.2}{The\040service\040discipline:\040FIFO\040or\040PS?}{chapter.3}% 28
\BOOKMARK [2][]{subsection.3.2.1}{Dimensioning\040spatial-diversity}{section.3.2}% 29
\BOOKMARK [2][]{subsection.3.2.2}{Final\040comparison}{section.3.2}% 30
\BOOKMARK [0][]{chapter.4}{Evaluation\040in\040a\040Datacenter\040Network}{}% 31
\BOOKMARK [1][]{section.4.1}{title}{chapter.4}% 32
\BOOKMARK [2][]{subsection.4.1.1}{title}{section.4.1}% 33
\BOOKMARK [2][]{subsection.4.1.2}{title}{section.4.1}% 34
\BOOKMARK [1][]{section.4.2}{title}{chapter.4}% 35
\BOOKMARK [2][]{subsection.4.2.1}{title}{section.4.2}% 36
\BOOKMARK [2][]{subsection.4.2.2}{title}{section.4.2}% 37
\BOOKMARK [0][]{chapter*.31}{Bibliography}{}% 38
